CRITICAL - 2024-03-11 15:54:01 --> ParseError: syntax error, unexpected end of file
in APPPATH/Config/Routes.php on line 30.
 1 SYSTEMPATH/CodeIgniter.php(810): CodeIgniter\Router\RouteCollection->loadRoutes()
 2 SYSTEMPATH/CodeIgniter.php(450): CodeIgniter\CodeIgniter->tryToRouteIt()
 3 SYSTEMPATH/CodeIgniter.php(361): CodeIgniter\CodeIgniter->handleRequest()
 4 FCPATH/index.php(79): CodeIgniter\CodeIgniter->run()
 5 SYSTEMPATH/Commands/Server/rewrite.php(47): require_once('/opt/lampp/htdocs/POSAPI/public/index.php')
CRITICAL - 2024-03-11 15:54:14 --> Error: Class "App\Controllers\CategoriaModel" not found
in APPPATH/Controllers/Categoria.php on line 9.
 1 SYSTEMPATH/CodeIgniter.php(941): App\Controllers\Categoria->index()
 2 SYSTEMPATH/CodeIgniter.php(502): CodeIgniter\CodeIgniter->runController()
 3 SYSTEMPATH/CodeIgniter.php(361): CodeIgniter\CodeIgniter->handleRequest()
 4 FCPATH/index.php(79): CodeIgniter\CodeIgniter->run()
 5 SYSTEMPATH/Commands/Server/rewrite.php(47): require_once('/opt/lampp/htdocs/POSAPI/public/index.php')
CRITICAL - 2024-03-11 15:57:01 --> Error: Class "App\Controllers\CategoriaModel" not found
in APPPATH/Controllers/Categoria.php on line 9.
 1 SYSTEMPATH/CodeIgniter.php(941): App\Controllers\Categoria->index()
 2 SYSTEMPATH/CodeIgniter.php(502): CodeIgniter\CodeIgniter->runController()
 3 SYSTEMPATH/CodeIgniter.php(361): CodeIgniter\CodeIgniter->handleRequest()
 4 FCPATH/index.php(79): CodeIgniter\CodeIgniter->run()
 5 SYSTEMPATH/Commands/Server/rewrite.php(47): require_once('/opt/lampp/htdocs/POSAPI/public/index.php')
CRITICAL - 2024-03-11 15:57:03 --> Error: Class "App\Controllers\CategoriaModel" not found
in APPPATH/Controllers/Categoria.php on line 9.
 1 SYSTEMPATH/CodeIgniter.php(941): App\Controllers\Categoria->index()
 2 SYSTEMPATH/CodeIgniter.php(502): CodeIgniter\CodeIgniter->runController()
 3 SYSTEMPATH/CodeIgniter.php(361): CodeIgniter\CodeIgniter->handleRequest()
 4 FCPATH/index.php(79): CodeIgniter\CodeIgniter->run()
 5 SYSTEMPATH/Commands/Server/rewrite.php(47): require_once('/opt/lampp/htdocs/POSAPI/public/index.php')
CRITICAL - 2024-03-11 15:57:50 --> Error: Class "App\Models\CategoriaModel" not found
in APPPATH/Controllers/Categoria.php on line 9.
 1 SYSTEMPATH/CodeIgniter.php(941): App\Controllers\Categoria->index()
 2 SYSTEMPATH/CodeIgniter.php(502): CodeIgniter\CodeIgniter->runController()
 3 SYSTEMPATH/CodeIgniter.php(361): CodeIgniter\CodeIgniter->handleRequest()
 4 FCPATH/index.php(79): CodeIgniter\CodeIgniter->run()
 5 SYSTEMPATH/Commands/Server/rewrite.php(47): require_once('/opt/lampp/htdocs/POSAPI/public/index.php')
CRITICAL - 2024-03-11 15:58:11 --> Error: Class "App\Models\CategoriaModel" not found
in APPPATH/Controllers/Categoria.php on line 9.
 1 SYSTEMPATH/CodeIgniter.php(941): App\Controllers\Categoria->index()
 2 SYSTEMPATH/CodeIgniter.php(502): CodeIgniter\CodeIgniter->runController()
 3 SYSTEMPATH/CodeIgniter.php(361): CodeIgniter\CodeIgniter->handleRequest()
 4 FCPATH/index.php(79): CodeIgniter\CodeIgniter->run()
 5 SYSTEMPATH/Commands/Server/rewrite.php(47): require_once('/opt/lampp/htdocs/POSAPI/public/index.php')
CRITICAL - 2024-03-11 15:58:31 --> Error: Class "App\Models\CategoriaModel" not found
in APPPATH/Controllers/Categoria.php on line 9.
 1 SYSTEMPATH/CodeIgniter.php(941): App\Controllers\Categoria->index()
 2 SYSTEMPATH/CodeIgniter.php(502): CodeIgniter\CodeIgniter->runController()
 3 SYSTEMPATH/CodeIgniter.php(361): CodeIgniter\CodeIgniter->handleRequest()
 4 FCPATH/index.php(79): CodeIgniter\CodeIgniter->run()
 5 SYSTEMPATH/Commands/Server/rewrite.php(47): require_once('/opt/lampp/htdocs/POSAPI/public/index.php')
CRITICAL - 2024-03-11 15:58:36 --> Error: Class "App\Models\CategoriaModel" not found
in APPPATH/Controllers/Categoria.php on line 9.
 1 SYSTEMPATH/CodeIgniter.php(941): App\Controllers\Categoria->index()
 2 SYSTEMPATH/CodeIgniter.php(502): CodeIgniter\CodeIgniter->runController()
 3 SYSTEMPATH/CodeIgniter.php(361): CodeIgniter\CodeIgniter->handleRequest()
 4 FCPATH/index.php(79): CodeIgniter\CodeIgniter->run()
 5 SYSTEMPATH/Commands/Server/rewrite.php(47): require_once('/opt/lampp/htdocs/POSAPI/public/index.php')
