CRITICAL - 2024-02-28 15:14:23 --> ErrorException: include_once(../Views/plantillas/comun.php): Failed to open stream: No such file or directory
in APPPATH/Views/dashboard.php on line 1.
 1 APPPATH/Views/dashboard.php(1): CodeIgniter\Debug\Exceptions->errorHandler()
 2 APPPATH/Views/dashboard.php(1): include_once()
 3 SYSTEMPATH/View/View.php(228): include('/opt/lampp/htdocs/POSAPI/app/Views/dashboard.php')
 4 SYSTEMPATH/View/View.php(231): CodeIgniter\View\View->CodeIgniter\View\{closure}()
 5 SYSTEMPATH/Common.php(1178): CodeIgniter\View\View->render()
 6 APPPATH/Controllers/Home.php(27): view()
 7 SYSTEMPATH/CodeIgniter.php(941): App\Controllers\Home->dashboard()
 8 SYSTEMPATH/CodeIgniter.php(502): CodeIgniter\CodeIgniter->runController()
 9 SYSTEMPATH/CodeIgniter.php(361): CodeIgniter\CodeIgniter->handleRequest()
10 FCPATH/index.php(79): CodeIgniter\CodeIgniter->run()
11 SYSTEMPATH/Commands/Server/rewrite.php(47): require_once('/opt/lampp/htdocs/POSAPI/public/index.php')
CRITICAL - 2024-02-28 15:14:43 --> ErrorException: include_once(../Views/plantillas/comun.php): Failed to open stream: No such file or directory
in APPPATH/Views/dashboard.php on line 1.
 1 APPPATH/Views/dashboard.php(1): CodeIgniter\Debug\Exceptions->errorHandler()
 2 APPPATH/Views/dashboard.php(1): include_once()
 3 SYSTEMPATH/View/View.php(228): include('/opt/lampp/htdocs/POSAPI/app/Views/dashboard.php')
 4 SYSTEMPATH/View/View.php(231): CodeIgniter\View\View->CodeIgniter\View\{closure}()
 5 SYSTEMPATH/Common.php(1178): CodeIgniter\View\View->render()
 6 APPPATH/Controllers/Home.php(27): view()
 7 SYSTEMPATH/CodeIgniter.php(941): App\Controllers\Home->dashboard()
 8 SYSTEMPATH/CodeIgniter.php(502): CodeIgniter\CodeIgniter->runController()
 9 SYSTEMPATH/CodeIgniter.php(361): CodeIgniter\CodeIgniter->handleRequest()
10 FCPATH/index.php(79): CodeIgniter\CodeIgniter->run()
11 SYSTEMPATH/Commands/Server/rewrite.php(47): require_once('/opt/lampp/htdocs/POSAPI/public/index.php')
CRITICAL - 2024-02-28 15:14:56 --> ErrorException: include_once(../Views/plantillas/comun.php): Failed to open stream: No such file or directory
in APPPATH/Views/dashboard.php on line 1.
 1 APPPATH/Views/dashboard.php(1): CodeIgniter\Debug\Exceptions->errorHandler()
 2 APPPATH/Views/dashboard.php(1): include_once()
 3 SYSTEMPATH/View/View.php(228): include('/opt/lampp/htdocs/POSAPI/app/Views/dashboard.php')
 4 SYSTEMPATH/View/View.php(231): CodeIgniter\View\View->CodeIgniter\View\{closure}()
 5 SYSTEMPATH/Common.php(1178): CodeIgniter\View\View->render()
 6 APPPATH/Controllers/Home.php(27): view()
 7 SYSTEMPATH/CodeIgniter.php(941): App\Controllers\Home->dashboard()
 8 SYSTEMPATH/CodeIgniter.php(502): CodeIgniter\CodeIgniter->runController()
 9 SYSTEMPATH/CodeIgniter.php(361): CodeIgniter\CodeIgniter->handleRequest()
10 FCPATH/index.php(79): CodeIgniter\CodeIgniter->run()
11 SYSTEMPATH/Commands/Server/rewrite.php(47): require_once('/opt/lampp/htdocs/POSAPI/public/index.php')
CRITICAL - 2024-02-28 15:15:56 --> ParseError: syntax error, unexpected token "?", expecting end of file
in APPPATH/Views/dashboard.php on line 10.
 1 SYSTEMPATH/View/View.php(231): CodeIgniter\View\View->CodeIgniter\View\{closure}()
 2 SYSTEMPATH/Common.php(1178): CodeIgniter\View\View->render()
 3 APPPATH/Controllers/Home.php(27): view()
 4 SYSTEMPATH/CodeIgniter.php(941): App\Controllers\Home->dashboard()
 5 SYSTEMPATH/CodeIgniter.php(502): CodeIgniter\CodeIgniter->runController()
 6 SYSTEMPATH/CodeIgniter.php(361): CodeIgniter\CodeIgniter->handleRequest()
 7 FCPATH/index.php(79): CodeIgniter\CodeIgniter->run()
 8 SYSTEMPATH/Commands/Server/rewrite.php(47): require_once('/opt/lampp/htdocs/POSAPI/public/index.php')
CRITICAL - 2024-02-28 15:16:42 --> ParseError: syntax error, unexpected token "=", expecting end of file
in APPPATH/Views/dashboard.php on line 37.
 1 SYSTEMPATH/View/View.php(231): CodeIgniter\View\View->CodeIgniter\View\{closure}()
 2 SYSTEMPATH/Common.php(1178): CodeIgniter\View\View->render()
 3 APPPATH/Controllers/Home.php(27): view()
 4 SYSTEMPATH/CodeIgniter.php(941): App\Controllers\Home->dashboard()
 5 SYSTEMPATH/CodeIgniter.php(502): CodeIgniter\CodeIgniter->runController()
 6 SYSTEMPATH/CodeIgniter.php(361): CodeIgniter\CodeIgniter->handleRequest()
 7 FCPATH/index.php(79): CodeIgniter\CodeIgniter->run()
 8 SYSTEMPATH/Commands/Server/rewrite.php(47): require_once('/opt/lampp/htdocs/POSAPI/public/index.php')
CRITICAL - 2024-02-28 15:17:09 --> ParseError: syntax error, unexpected token "=", expecting end of file
in APPPATH/Views/dashboard.php on line 37.
 1 SYSTEMPATH/View/View.php(231): CodeIgniter\View\View->CodeIgniter\View\{closure}()
 2 SYSTEMPATH/Common.php(1178): CodeIgniter\View\View->render()
 3 APPPATH/Controllers/Home.php(27): view()
 4 SYSTEMPATH/CodeIgniter.php(941): App\Controllers\Home->dashboard()
 5 SYSTEMPATH/CodeIgniter.php(502): CodeIgniter\CodeIgniter->runController()
 6 SYSTEMPATH/CodeIgniter.php(361): CodeIgniter\CodeIgniter->handleRequest()
 7 FCPATH/index.php(79): CodeIgniter\CodeIgniter->run()
 8 SYSTEMPATH/Commands/Server/rewrite.php(47): require_once('/opt/lampp/htdocs/POSAPI/public/index.php')
CRITICAL - 2024-02-28 15:17:24 --> ErrorException: include_once(../plantillas/comun.php): Failed to open stream: No such file or directory
in APPPATH/Views/dashboard.php on line 1.
 1 APPPATH/Views/dashboard.php(1): CodeIgniter\Debug\Exceptions->errorHandler()
 2 APPPATH/Views/dashboard.php(1): include_once()
 3 SYSTEMPATH/View/View.php(228): include('/opt/lampp/htdocs/POSAPI/app/Views/dashboard.php')
 4 SYSTEMPATH/View/View.php(231): CodeIgniter\View\View->CodeIgniter\View\{closure}()
 5 SYSTEMPATH/Common.php(1178): CodeIgniter\View\View->render()
 6 APPPATH/Controllers/Home.php(27): view()
 7 SYSTEMPATH/CodeIgniter.php(941): App\Controllers\Home->dashboard()
 8 SYSTEMPATH/CodeIgniter.php(502): CodeIgniter\CodeIgniter->runController()
 9 SYSTEMPATH/CodeIgniter.php(361): CodeIgniter\CodeIgniter->handleRequest()
10 FCPATH/index.php(79): CodeIgniter\CodeIgniter->run()
11 SYSTEMPATH/Commands/Server/rewrite.php(47): require_once('/opt/lampp/htdocs/POSAPI/public/index.php')
CRITICAL - 2024-02-28 15:17:34 --> ErrorException: include_once(../plantillas/comun.php): Failed to open stream: No such file or directory
in APPPATH/Views/dashboard.php on line 1.
 1 APPPATH/Views/dashboard.php(1): CodeIgniter\Debug\Exceptions->errorHandler()
 2 APPPATH/Views/dashboard.php(1): include_once()
 3 SYSTEMPATH/View/View.php(228): include('/opt/lampp/htdocs/POSAPI/app/Views/dashboard.php')
 4 SYSTEMPATH/View/View.php(231): CodeIgniter\View\View->CodeIgniter\View\{closure}()
 5 SYSTEMPATH/Common.php(1178): CodeIgniter\View\View->render()
 6 APPPATH/Controllers/Home.php(27): view()
 7 SYSTEMPATH/CodeIgniter.php(941): App\Controllers\Home->dashboard()
 8 SYSTEMPATH/CodeIgniter.php(502): CodeIgniter\CodeIgniter->runController()
 9 SYSTEMPATH/CodeIgniter.php(361): CodeIgniter\CodeIgniter->handleRequest()
10 FCPATH/index.php(79): CodeIgniter\CodeIgniter->run()
11 SYSTEMPATH/Commands/Server/rewrite.php(47): require_once('/opt/lampp/htdocs/POSAPI/public/index.php')
CRITICAL - 2024-02-28 15:17:49 --> ParseError: syntax error, unexpected token "<", expecting end of file
in APPPATH/Views/dashboard.php on line 3.
 1 SYSTEMPATH/View/View.php(231): CodeIgniter\View\View->CodeIgniter\View\{closure}()
 2 SYSTEMPATH/Common.php(1178): CodeIgniter\View\View->render()
 3 APPPATH/Controllers/Home.php(27): view()
 4 SYSTEMPATH/CodeIgniter.php(941): App\Controllers\Home->dashboard()
 5 SYSTEMPATH/CodeIgniter.php(502): CodeIgniter\CodeIgniter->runController()
 6 SYSTEMPATH/CodeIgniter.php(361): CodeIgniter\CodeIgniter->handleRequest()
 7 FCPATH/index.php(79): CodeIgniter\CodeIgniter->run()
 8 SYSTEMPATH/Commands/Server/rewrite.php(47): require_once('/opt/lampp/htdocs/POSAPI/public/index.php')
